{"numFailedTestSuites":0,"numFailedTests":0,"numPassedTestSuites":1,"numPassedTests":5,"numPendingTestSuites":0,"numPendingTests":0,"numRuntimeErrorTestSuites":0,"numTodoTests":0,"numTotalTestSuites":1,"numTotalTests":5,"openHandles":[],"snapshot":{"added":0,"didUpdate":false,"failure":false,"filesAdded":0,"filesRemoved":0,"filesRemovedList":[],"filesUnmatched":0,"filesUpdated":0,"matched":0,"total":0,"unchecked":0,"uncheckedKeysByFile":[],"unmatched":0,"updated":0},"startTime":1771875540401,"success":true,"testResults":[{"assertionResults":[{"ancestorTitles":["Auth & User Phase 1"],"duration":2044,"failureDetails":[],"failureMessages":[],"fullName":"Auth & User Phase 1 1. Register student -> persisted -> login works","invocations":1,"location":null,"numPassingAsserts":7,"retryReasons":[],"status":"passed","title":"1. Register student -> persisted -> login works"},{"ancestorTitles":["Auth & User Phase 1"],"duration":946,"failureDetails":[],"failureMessages":[],"fullName":"Auth & User Phase 1 2. Register company admin -> status=pending -> login blocked","invocations":1,"location":null,"numPassingAsserts":4,"retryReasons":[],"status":"passed","title":"2. Register company admin -> status=pending -> login blocked"},{"ancestorTitles":["Auth & User Phase 1"],"duration":1379,"failureDetails":[],"failureMessages":[],"fullName":"Auth & User Phase 1 3. Login invalid password -> handles failure","invocations":1,"location":null,"numPassingAsserts":2,"retryReasons":[],"status":"passed","title":"3. Login invalid password -> handles failure"},{"ancestorTitles":["Auth & User Phase 1"],"duration":1729,"failureDetails":[],"failureMessages":[],"fullName":"Auth & User Phase 1 4. Refresh token rotation works -> old refresh token rejected","invocations":1,"location":null,"numPassingAsserts":6,"retryReasons":[],"status":"passed","title":"4. Refresh token rotation works -> old refresh token rejected"},{"ancestorTitles":["Auth & User Phase 1"],"duration":1252,"failureDetails":[],"failureMessages":[],"fullName":"Auth & User Phase 1 5. Forgot/reset password flow with expiry","invocations":1,"location":null,"numPassingAsserts":4,"retryReasons":[],"status":"passed","title":"5. Forgot/reset password flow with expiry"}],"endTime":1771875555349,"message":"","name":"C:\\Users\\sanik\\Desktop\\Student\\backend\\tests\\auth.test.js","startTime":1771875540511,"status":"passed","summary":""}],"wasInterrupted":false}
