{"numFailedTestSuites":1,"numFailedTests":1,"numPassedTestSuites":0,"numPassedTests":4,"numPendingTestSuites":0,"numPendingTests":0,"numRuntimeErrorTestSuites":0,"numTodoTests":0,"numTotalTestSuites":1,"numTotalTests":5,"openHandles":[],"snapshot":{"added":0,"didUpdate":false,"failure":false,"filesAdded":0,"filesRemoved":0,"filesRemovedList":[],"filesUnmatched":0,"filesUpdated":0,"matched":0,"total":0,"unchecked":0,"uncheckedKeysByFile":[],"unmatched":0,"updated":0},"startTime":1771875388589,"success":false,"testResults":[{"assertionResults":[{"ancestorTitles":["Auth & User Phase 1"],"duration":1891,"failureDetails":[],"failureMessages":[],"fullName":"Auth & User Phase 1 1. Register student -> persisted -> login works","invocations":1,"location":null,"numPassingAsserts":7,"retryReasons":[],"status":"passed","title":"1. Register student -> persisted -> login works"},{"ancestorTitles":["Auth & User Phase 1"],"duration":863,"failureDetails":[],"failureMessages":[],"fullName":"Auth & User Phase 1 2. Register company admin -> status=pending -> login blocked","invocations":1,"location":null,"numPassingAsserts":4,"retryReasons":[],"status":"passed","title":"2. Register company admin -> status=pending -> login blocked"},{"ancestorTitles":["Auth & User Phase 1"],"duration":849,"failureDetails":[],"failureMessages":[],"fullName":"Auth & User Phase 1 3. Login invalid password -> handles failure","invocations":1,"location":null,"numPassingAsserts":2,"retryReasons":[],"status":"passed","title":"3. Login invalid password -> handles failure"},{"ancestorTitles":["Auth & User Phase 1"],"duration":1023,"failureDetails":[{}],"failureMessages":["Error: REFRESH FAILED: {\"success\":false,\"message\":\"ROTATE_ERR: TypeError: User.findById is not a function\\n    at Function.findById [as rotateRefreshToken] (C:\\\\Users\\\\sanik\\\\Desktop\\\\Student\\\\backend\\\\src\\\\utils\\\\tokenUtils.js:71:33)\\n    at rotateRefreshToken (C:\\\\Users\\\\sanik\\\\Desktop\\\\Student\\\\backend\\\\src\\\\controllers\\\\authController.js:109:48)\\n    at fn (C:\\\\Users\\\\sanik\\\\Desktop\\\\Student\\\\backend\\\\src\\\\middleware\\\\asyncWrapper.js:6:21)\\n    at Layer.handle [as handle_request] (C:\\\\Users\\\\sanik\\\\Desktop\\\\Student\\\\backend\\\\node_modules\\\\express\\\\lib\\\\router\\\\layer.js:95:5)\\n    at next (C:\\\\Users\\\\sanik\\\\Desktop\\\\Student\\\\backend\\\\node_modules\\\\express\\\\lib\\\\router\\\\route.js:149:13)\\n    at Route.dispatch (C:\\\\Users\\\\sanik\\\\Desktop\\\\Student\\\\backend\\\\node_modules\\\\express\\\\lib\\\\router\\\\route.js:119:3)\\n    at Layer.handle [as handle_request] (C:\\\\Users\\\\sanik\\\\Desktop\\\\Student\\\\backend\\\\node_modules\\\\express\\\\lib\\\\router\\\\layer.js:95:5)\\n    at C:\\\\Users\\\\sanik\\\\Desktop\\\\Student\\\\backend\\\\node_modules\\\\express\\\\lib\\\\router\\\\index.js:284:15\\n    at Function.process_params (C:\\\\Users\\\\sanik\\\\Desktop\\\\Student\\\\backend\\\\node_modules\\\\express\\\\lib\\\\router\\\\index.js:346:12)\\n    at next (C:\\\\Users\\\\sanik\\\\Desktop\\\\Student\\\\backend\\\\node_modules\\\\express\\\\lib\\\\router\\\\index.js:280:10)\\n    at Function.handle (C:\\\\Users\\\\sanik\\\\Desktop\\\\Student\\\\backend\\\\node_modules\\\\express\\\\lib\\\\router\\\\index.js:175:3)\\n    at router (C:\\\\Users\\\\sanik\\\\Desktop\\\\Student\\\\backend\\\\node_modules\\\\express\\\\lib\\\\router\\\\index.js:47:12)\\n    at Layer.handle [as handle_request] (C:\\\\Users\\\\sanik\\\\Desktop\\\\Student\\\\backend\\\\node_modules\\\\express\\\\lib\\\\router\\\\layer.js:95:5)\\n    at trim_prefix (C:\\\\Users\\\\sanik\\\\Desktop\\\\Student\\\\backend\\\\node_modules\\\\express\\\\lib\\\\router\\\\index.js:328:13)\\n    at C:\\\\Users\\\\sanik\\\\Desktop\\\\Student\\\\backend\\\\node_modules\\\\express\\\\lib\\\\router\\\\index.js:286:9\\n    at Function.process_params (C:\\\\Users\\\\sanik\\\\Desktop\\\\Student\\\\backend\\\\node_modules\\\\express\\\\lib\\\\router\\\\index.js:346:12)\\n    at next (C:\\\\Users\\\\sanik\\\\Desktop\\\\Student\\\\backend\\\\node_modules\\\\express\\\\lib\\\\router\\\\index.js:280:10)\\n    at urlencodedParser (C:\\\\Users\\\\sanik\\\\Desktop\\\\Student\\\\backend\\\\node_modules\\\\body-parser\\\\lib\\\\types\\\\urlencoded.js:82:7)\\n    at Layer.handle [as handle_request] (C:\\\\Users\\\\sanik\\\\Desktop\\\\Student\\\\backend\\\\node_modules\\\\express\\\\lib\\\\router\\\\layer.js:95:5)\\n    at trim_prefix (C:\\\\Users\\\\sanik\\\\Desktop\\\\Student\\\\backend\\\\node_modules\\\\express\\\\lib\\\\router\\\\index.js:328:13)\\n    at C:\\\\Users\\\\sanik\\\\Desktop\\\\Student\\\\backend\\\\node_modules\\\\express\\\\lib\\\\router\\\\index.js:286:9\\n    at Function.process_params (C:\\\\Users\\\\sanik\\\\Desktop\\\\Student\\\\backend\\\\node_modules\\\\express\\\\lib\\\\router\\\\index.js:346:12)\\n    at next (C:\\\\Users\\\\sanik\\\\Desktop\\\\Student\\\\backend\\\\node_modules\\\\express\\\\lib\\\\router\\\\index.js:280:10)\\n    at C:\\\\Users\\\\sanik\\\\Desktop\\\\Student\\\\backend\\\\node_modules\\\\body-parser\\\\lib\\\\read.js:137:5\\n    at AsyncResource.runInAsyncScope (node:async_hooks:214:14)\\n    at invokeCallback (C:\\\\Users\\\\sanik\\\\Desktop\\\\Student\\\\backend\\\\node_modules\\\\raw-body\\\\index.js:238:16)\\n    at done (C:\\\\Users\\\\sanik\\\\Desktop\\\\Student\\\\backend\\\\node_modules\\\\raw-body\\\\index.js:227:7)\\n    at IncomingMessage.onEnd (C:\\\\Users\\\\sanik\\\\Desktop\\\\Student\\\\backend\\\\node_modules\\\\raw-body\\\\index.js:287:7)\\n    at IncomingMessage.emit (node:events:519:28)\\n    at endReadableNT (node:internal/streams/readable:1698:12)\\n    at processTicksAndRejections (node:internal/process/task_queues:90:21)\"}\n    at Object.<anonymous> (C:\\Users\\sanik\\Desktop\\Student\\backend\\tests\\auth.test.js:116:19)\n    at processTicksAndRejections (node:internal/process/task_queues:105:5)"],"fullName":"Auth & User Phase 1 4. Refresh token rotation works -> old refresh token rejected","invocations":1,"location":null,"numPassingAsserts":0,"retryReasons":[],"status":"failed","title":"4. Refresh token rotation works -> old refresh token rejected"},{"ancestorTitles":["Auth & User Phase 1"],"duration":745,"failureDetails":[],"failureMessages":[],"fullName":"Auth & User Phase 1 5. Forgot/reset password flow with expiry","invocations":1,"location":null,"numPassingAsserts":4,"retryReasons":[],"status":"passed","title":"5. Forgot/reset password flow with expiry"}],"endTime":1771875403471,"message":"\u001b[1m\u001b[31m  \u001b[1m● \u001b[22m\u001b[1mAuth & User Phase 1 › 4. Refresh token rotation works -> old refresh token rejected\u001b[39m\u001b[22m\n\n    REFRESH FAILED: {\"success\":false,\"message\":\"ROTATE_ERR: TypeError: User.findById is not a function\\n    at Function.findById [as rotateRefreshToken] (C:\\\\Users\\\\sanik\\\\Desktop\\\\Student\\\\backend\\\\src\\\\utils\\\\tokenUtils.js:71:33)\\n    at rotateRefreshToken (C:\\\\Users\\\\sanik\\\\Desktop\\\\Student\\\\backend\\\\src\\\\controllers\\\\authController.js:109:48)\\n    at fn (C:\\\\Users\\\\sanik\\\\Desktop\\\\Student\\\\backend\\\\src\\\\middleware\\\\asyncWrapper.js:6:21)\\n    at Layer.handle [as handle_request] (C:\\\\Users\\\\sanik\\\\Desktop\\\\Student\\\\backend\\\\node_modules\\\\express\\\\lib\\\\router\\\\layer.js:95:5)\\n    at next (C:\\\\Users\\\\sanik\\\\Desktop\\\\Student\\\\backend\\\\node_modules\\\\express\\\\lib\\\\router\\\\route.js:149:13)\\n    at Route.dispatch (C:\\\\Users\\\\sanik\\\\Desktop\\\\Student\\\\backend\\\\node_modules\\\\express\\\\lib\\\\router\\\\route.js:119:3)\\n    at Layer.handle [as handle_request] (C:\\\\Users\\\\sanik\\\\Desktop\\\\Student\\\\backend\\\\node_modules\\\\express\\\\lib\\\\router\\\\layer.js:95:5)\\n    at C:\\\\Users\\\\sanik\\\\Desktop\\\\Student\\\\backend\\\\node_modules\\\\express\\\\lib\\\\router\\\\index.js:284:15\\n    at Function.process_params (C:\\\\Users\\\\sanik\\\\Desktop\\\\Student\\\\backend\\\\node_modules\\\\express\\\\lib\\\\router\\\\index.js:346:12)\\n    at next (C:\\\\Users\\\\sanik\\\\Desktop\\\\Student\\\\backend\\\\node_modules\\\\express\\\\lib\\\\router\\\\index.js:280:10)\\n    at Function.handle (C:\\\\Users\\\\sanik\\\\Desktop\\\\Student\\\\backend\\\\node_modules\\\\express\\\\lib\\\\router\\\\index.js:175:3)\\n    at router (C:\\\\Users\\\\sanik\\\\Desktop\\\\Student\\\\backend\\\\node_modules\\\\express\\\\lib\\\\router\\\\index.js:47:12)\\n    at Layer.handle [as handle_request] (C:\\\\Users\\\\sanik\\\\Desktop\\\\Student\\\\backend\\\\node_modules\\\\express\\\\lib\\\\router\\\\layer.js:95:5)\\n    at trim_prefix (C:\\\\Users\\\\sanik\\\\Desktop\\\\Student\\\\backend\\\\node_modules\\\\express\\\\lib\\\\router\\\\index.js:328:13)\\n    at C:\\\\Users\\\\sanik\\\\Desktop\\\\Student\\\\backend\\\\node_modules\\\\express\\\\lib\\\\router\\\\index.js:286:9\\n    at Function.process_params (C:\\\\Users\\\\sanik\\\\Desktop\\\\Student\\\\backend\\\\node_modules\\\\express\\\\lib\\\\router\\\\index.js:346:12)\\n    at next (C:\\\\Users\\\\sanik\\\\Desktop\\\\Student\\\\backend\\\\node_modules\\\\express\\\\lib\\\\router\\\\index.js:280:10)\\n    at urlencodedParser (C:\\\\Users\\\\sanik\\\\Desktop\\\\Student\\\\backend\\\\node_modules\\\\body-parser\\\\lib\\\\types\\\\urlencoded.js:82:7)\\n    at Layer.handle [as handle_request] (C:\\\\Users\\\\sanik\\\\Desktop\\\\Student\\\\backend\\\\node_modules\\\\express\\\\lib\\\\router\\\\layer.js:95:5)\\n    at trim_prefix (C:\\\\Users\\\\sanik\\\\Desktop\\\\Student\\\\backend\\\\node_modules\\\\express\\\\lib\\\\router\\\\index.js:328:13)\\n    at C:\\\\Users\\\\sanik\\\\Desktop\\\\Student\\\\backend\\\\node_modules\\\\express\\\\lib\\\\router\\\\index.js:286:9\\n    at Function.process_params (C:\\\\Users\\\\sanik\\\\Desktop\\\\Student\\\\backend\\\\node_modules\\\\express\\\\lib\\\\router\\\\index.js:346:12)\\n    at next (C:\\\\Users\\\\sanik\\\\Desktop\\\\Student\\\\backend\\\\node_modules\\\\express\\\\lib\\\\router\\\\index.js:280:10)\\n    at C:\\\\Users\\\\sanik\\\\Desktop\\\\Student\\\\backend\\\\node_modules\\\\body-parser\\\\lib\\\\read.js:137:5\\n    at AsyncResource.runInAsyncScope (node:async_hooks:214:14)\\n    at invokeCallback (C:\\\\Users\\\\sanik\\\\Desktop\\\\Student\\\\backend\\\\node_modules\\\\raw-body\\\\index.js:238:16)\\n    at done (C:\\\\Users\\\\sanik\\\\Desktop\\\\Student\\\\backend\\\\node_modules\\\\raw-body\\\\index.js:227:7)\\n    at IncomingMessage.onEnd (C:\\\\Users\\\\sanik\\\\Desktop\\\\Student\\\\backend\\\\node_modules\\\\raw-body\\\\index.js:287:7)\\n    at IncomingMessage.emit (node:events:519:28)\\n    at endReadableNT (node:internal/streams/readable:1698:12)\\n    at processTicksAndRejections (node:internal/process/task_queues:90:21)\"}\n\u001b[2m\u001b[22m\n\u001b[2m    \u001b[0m \u001b[90m 114 |\u001b[39m         })\u001b[33m;\u001b[39m\u001b[22m\n\u001b[2m     \u001b[90m 115 |\u001b[39m         \u001b[36mif\u001b[39m (refreshRes\u001b[33m.\u001b[39mstatus \u001b[33m!==\u001b[39m \u001b[35m200\u001b[39m) {\u001b[22m\n\u001b[2m    \u001b[31m\u001b[1m>\u001b[22m\u001b[2m\u001b[39m\u001b[90m 116 |\u001b[39m             \u001b[36mthrow\u001b[39m \u001b[36mnew\u001b[39m \u001b[33mError\u001b[39m(\u001b[32m'REFRESH FAILED: '\u001b[39m \u001b[33m+\u001b[39m \u001b[33mJSON\u001b[39m\u001b[33m.\u001b[39mstringify(refreshRes\u001b[33m.\u001b[39mbody))\u001b[33m;\u001b[39m\u001b[22m\n\u001b[2m     \u001b[90m     |\u001b[39m                   \u001b[31m\u001b[1m^\u001b[22m\u001b[2m\u001b[39m\u001b[22m\n\u001b[2m     \u001b[90m 117 |\u001b[39m         }\u001b[22m\n\u001b[2m     \u001b[90m 118 |\u001b[39m         expect(refreshRes\u001b[33m.\u001b[39mstatus)\u001b[33m.\u001b[39mtoBe(\u001b[35m200\u001b[39m)\u001b[33m;\u001b[39m\u001b[22m\n\u001b[2m     \u001b[90m 119 |\u001b[39m         expect(refreshRes\u001b[33m.\u001b[39mbody\u001b[33m.\u001b[39mtokens)\u001b[33m.\u001b[39mtoHaveProperty(\u001b[32m'refreshToken'\u001b[39m)\u001b[33m;\u001b[39m\u001b[0m\u001b[22m\n\u001b[2m\u001b[22m\n\u001b[2m      \u001b[2mat Object.<anonymous> (\u001b[22m\u001b[2m\u001b[0m\u001b[36mtests/auth.test.js\u001b[39m\u001b[0m\u001b[2m:116:19)\u001b[22m\u001b[2m\u001b[22m\n","name":"C:\\Users\\sanik\\Desktop\\Student\\backend\\tests\\auth.test.js","startTime":1771875388869,"status":"failed","summary":""}],"wasInterrupted":false}
